<?xml version="1.0" encoding="UTF-8"?>
<!-- Generated by org.testng.reporters.JUnitReportReporter -->
<testsuite skipped="0" hostname="MWMGT189" name="com.seleniumbasics.EmailTest" tests="1" failures="0" timestamp="27 Feb 2019 12:12:27 GMT" time="14.904" errors="0">
  <testcase name="test" time="14.904" classname="com.seleniumbasics.EmailTest"/>
</testsuite> <!-- com.seleniumbasics.EmailTest -->
