<?xml version="1.0" encoding="UTF-8"?>
<!-- Generated by org.testng.reporters.JUnitReportReporter -->
<testsuite skipped="0" hostname="MWMGT189" name="seleniumbasics.EmailTest" tests="1" failures="0" timestamp="27 Feb 2019 11:33:58 GMT" time="15.146" errors="0">
  <testcase name="test" time="15.146" classname="seleniumbasics.EmailTest"/>
</testsuite> <!-- seleniumbasics.EmailTest -->
