<?xml version="1.0" encoding="UTF-8"?>
<!-- Generated by org.testng.reporters.JUnitReportReporter -->
<testsuite skipped="0" hostname="MWMGT189" name="com.placeorder.qa.testcases.ReportEmailTest" tests="1" failures="0" timestamp="27 Feb 2019 10:50:25 GMT" time="9.721" errors="0">
  <testcase name="test" time="9.721" classname="com.placeorder.qa.testcases.ReportEmailTest"/>
</testsuite> <!-- com.placeorder.qa.testcases.ReportEmailTest -->
