<?xml version="1.0" encoding="UTF-8"?>
<!-- Generated by org.testng.reporters.JUnitReportReporter -->
<testsuite skipped="0" hostname="MWMGT189" name="com.schedule.testcases.ScheduleTest" tests="1" failures="0" timestamp="04 Mar 2019 09:27:07 GMT" time="5.219" errors="0">
  <testcase name="test" time="5.219" classname="com.schedule.testcases.ScheduleTest"/>
</testsuite> <!-- com.schedule.testcases.ScheduleTest -->
